Started GET "/" for 127.0.0.1 at 2017-06-29 14:26:29 +0800
Processing by Rails::WelcomeController#index as HTML
  Rendering /Users/madao/.rvm/gems/ruby-2.2.5/gems/railties-5.1.2/lib/rails/templates/rails/welcome/index.html.erb
  Rendered /Users/madao/.rvm/gems/ruby-2.2.5/gems/railties-5.1.2/lib/rails/templates/rails/welcome/index.html.erb (3.1ms)
Completed 200 OK in 247ms (Views: 7.7ms)


Started GET "/" for 127.0.0.1 at 2017-06-29 14:28:54 +0800
  
ArgumentError ('Calculator' is not a supported controller name. This can lead to potential routing problems. See http://guides.rubyonrails.org/routing.html#specifying-a-controller-to-use):
  
config/routes.rb:2:in `block in <top (required)>'
config/routes.rb:1:in `<top (required)>'
Started GET "/" for 127.0.0.1 at 2017-06-29 14:29:52 +0800
  
ActionController::RoutingError (No route matches [GET] "/"):
  
actionpack (5.1.2) lib/action_dispatch/middleware/debug_exceptions.rb:63:in `call'
web-console (3.5.1) lib/web_console/middleware.rb:135:in `call_app'
web-console (3.5.1) lib/web_console/middleware.rb:28:in `block in call'
web-console (3.5.1) lib/web_console/middleware.rb:18:in `catch'
web-console (3.5.1) lib/web_console/middleware.rb:18:in `call'
actionpack (5.1.2) lib/action_dispatch/middleware/show_exceptions.rb:31:in `call'
railties (5.1.2) lib/rails/rack/logger.rb:36:in `call_app'
railties (5.1.2) lib/rails/rack/logger.rb:24:in `block in call'
activesupport (5.1.2) lib/active_support/tagged_logging.rb:69:in `block in tagged'
activesupport (5.1.2) lib/active_support/tagged_logging.rb:26:in `tagged'
activesupport (5.1.2) lib/active_support/tagged_logging.rb:69:in `tagged'
railties (5.1.2) lib/rails/rack/logger.rb:24:in `call'
sprockets-rails (3.2.0) lib/sprockets/rails/quiet_assets.rb:13:in `call'
actionpack (5.1.2) lib/action_dispatch/middleware/remote_ip.rb:79:in `call'
actionpack (5.1.2) lib/action_dispatch/middleware/request_id.rb:25:in `call'
rack (2.0.3) lib/rack/method_override.rb:22:in `call'
rack (2.0.3) lib/rack/runtime.rb:22:in `call'
activesupport (5.1.2) lib/active_support/cache/strategy/local_cache_middleware.rb:27:in `call'
actionpack (5.1.2) lib/action_dispatch/middleware/executor.rb:12:in `call'
actionpack (5.1.2) lib/action_dispatch/middleware/static.rb:125:in `call'
rack (2.0.3) lib/rack/sendfile.rb:111:in `call'
railties (5.1.2) lib/rails/engine.rb:522:in `call'
puma (3.9.1) lib/puma/configuration.rb:224:in `call'
puma (3.9.1) lib/puma/server.rb:602:in `handle_request'
puma (3.9.1) lib/puma/server.rb:435:in `process_client'
puma (3.9.1) lib/puma/server.rb:299:in `block in run'
puma (3.9.1) lib/puma/thread_pool.rb:120:in `call'
puma (3.9.1) lib/puma/thread_pool.rb:120:in `block in spawn_thread'
Started GET "/" for 127.0.0.1 at 2017-06-29 14:31:16 +0800
Processing by CalculatorController#index as HTML
  Rendering calculator/index.html.erb within layouts/application
  Rendered calculator/index.html.erb within layouts/application (0.3ms)
Completed 200 OK in 387ms (Views: 386.2ms)


Started GET "/" for 127.0.0.1 at 2017-06-29 14:31:26 +0800
Processing by CalculatorController#index as HTML
  Rendering calculator/index.html.erb within layouts/application
  Rendered calculator/index.html.erb within layouts/application (0.4ms)
Completed 200 OK in 17ms (Views: 16.5ms)


Started GET "/" for 127.0.0.1 at 2017-06-29 14:31:28 +0800
Processing by CalculatorController#index as HTML
  Rendering calculator/index.html.erb within layouts/application
  Rendered calculator/index.html.erb within layouts/application (0.4ms)
Completed 200 OK in 18ms (Views: 17.7ms)


Started GET "/" for 127.0.0.1 at 2017-06-29 14:34:10 +0800
Processing by CalculatorController#index as HTML
  Rendering calculator/index.html.erb within layouts/application
  Rendered calculator/index.html.erb within layouts/application (13.9ms)
Completed 500 Internal Server Error in 29ms


  
SyntaxError (/Users/madao/Documents/RubyDevelop/BMICalculator/app/views/calculator/index.html.erb:1: syntax error, unexpected keyword_do_block, expecting ')'
....append=( form_for(['b','x'] do |f|) );@output_buffer.safe_a...
...                               ^
/Users/madao/Documents/RubyDevelop/BMICalculator/app/views/calculator/index.html.erb:6: syntax error, unexpected keyword_ensure, expecting ')'
/Users/madao/Documents/RubyDevelop/BMICalculator/app/views/calculator/index.html.erb:8: syntax error, unexpected keyword_end, expecting ')'):
  
app/views/calculator/index.html.erb:1: syntax error, unexpected keyword_do_block, expecting ')'
app/views/calculator/index.html.erb:6: syntax error, unexpected keyword_ensure, expecting ')'
app/views/calculator/index.html.erb:8: syntax error, unexpected keyword_end, expecting ')'
app/controllers/calculator_controller.rb:3:in `index'
Started GET "/" for 127.0.0.1 at 2017-06-29 14:34:47 +0800
Processing by CalculatorController#index as HTML
  Rendering calculator/index.html.erb within layouts/application
  Rendered calculator/index.html.erb within layouts/application (1.2ms)
Completed 500 Internal Server Error in 7ms


  
SyntaxError (/Users/madao/Documents/RubyDevelop/BMICalculator/app/views/calculator/index.html.erb:6: syntax error, unexpected keyword_ensure, expecting keyword_end
/Users/madao/Documents/RubyDevelop/BMICalculator/app/views/calculator/index.html.erb:8: syntax error, unexpected end-of-input, expecting keyword_end):
  
app/views/calculator/index.html.erb:6: syntax error, unexpected keyword_ensure, expecting keyword_end
app/views/calculator/index.html.erb:8: syntax error, unexpected end-of-input, expecting keyword_end
app/controllers/calculator_controller.rb:3:in `index'
Started GET "/" for 127.0.0.1 at 2017-06-29 14:35:13 +0800
Processing by CalculatorController#index as HTML
  Rendering calculator/index.html.erb within layouts/application
  Rendered calculator/index.html.erb within layouts/application (2.0ms)
Completed 500 Internal Server Error in 7ms


  
ActionView::Template::Error (undefined method `model_name' for "x":String):
    1: <%= form_for(['b','x']) do |f| %>
    2:   <%= f.text_field :b %><br>
    3:   <%= f.area :x  %><br>
    4:   <%= f.submit %>
  
app/views/calculator/index.html.erb:1:in `_app_views_calculator_index_html_erb__3994464013012414700_70120081313780'
app/controllers/calculator_controller.rb:3:in `index'
Started GET "/" for 127.0.0.1 at 2017-06-29 14:39:13 +0800
Processing by CalculatorController#index as HTML
  Rendering calculator/index.html.erb within layouts/application
  Rendered calculator/index.html.erb within layouts/application (98.3ms)
Completed 500 Internal Server Error in 103ms


  
ActionView::Template::Error (undefined method `b_x_path' for #<#<Class:0x007f8c2f2becc0>:0x007f8c2f788f08>):
    1: <%= form_tag(['b' , 'x'])   do |f| %>
    2:   <%= f.text_field :b %><br>
    3:   <%= f.text_area :x  %><br>
    4:   <%= f.submit %>
  
app/views/calculator/index.html.erb:1:in `_app_views_calculator_index_html_erb__3994464013012414700_70120022713320'
app/controllers/calculator_controller.rb:3:in `index'
Started GET "/" for 127.0.0.1 at 2017-06-29 14:42:13 +0800
Processing by CalculatorController#index as HTML
  Rendering calculator/index.html.erb within layouts/application
  Rendered calculator/index.html.erb within layouts/application (181.6ms)
Completed 500 Internal Server Error in 195ms


  
ActionView::Template::Error (undefined local variable or method `f' for #<#<Class:0x007f8c2f2becc0>:0x007f8c2fc171a0>):
    1: <%= form_tag do %>
    2:   <%= text_field_tag :b%><br>
    3:   <%= text_field_tag :x  %><br>
    4:   <%= f.submit %>
    5: <% end %>
  
app/views/calculator/index.html.erb:4:in `block in _app_views_calculator_index_html_erb__3994464013012414700_70120036675320'
app/views/calculator/index.html.erb:1:in `_app_views_calculator_index_html_erb__3994464013012414700_70120036675320'
app/controllers/calculator_controller.rb:3:in `index'
Started GET "/" for 127.0.0.1 at 2017-06-29 14:43:04 +0800
Processing by CalculatorController#index as HTML
  Rendering calculator/index.html.erb within layouts/application
  Rendered calculator/index.html.erb within layouts/application (1.9ms)
Completed 200 OK in 28ms (Views: 27.9ms)


Started POST "/" for 127.0.0.1 at 2017-06-29 14:43:09 +0800
  
ActionController::RoutingError (No route matches [POST] "/"):
  
actionpack (5.1.2) lib/action_dispatch/middleware/debug_exceptions.rb:63:in `call'
web-console (3.5.1) lib/web_console/middleware.rb:135:in `call_app'
web-console (3.5.1) lib/web_console/middleware.rb:28:in `block in call'
web-console (3.5.1) lib/web_console/middleware.rb:18:in `catch'
web-console (3.5.1) lib/web_console/middleware.rb:18:in `call'
actionpack (5.1.2) lib/action_dispatch/middleware/show_exceptions.rb:31:in `call'
railties (5.1.2) lib/rails/rack/logger.rb:36:in `call_app'
railties (5.1.2) lib/rails/rack/logger.rb:24:in `block in call'
activesupport (5.1.2) lib/active_support/tagged_logging.rb:69:in `block in tagged'
activesupport (5.1.2) lib/active_support/tagged_logging.rb:26:in `tagged'
activesupport (5.1.2) lib/active_support/tagged_logging.rb:69:in `tagged'
railties (5.1.2) lib/rails/rack/logger.rb:24:in `call'
sprockets-rails (3.2.0) lib/sprockets/rails/quiet_assets.rb:13:in `call'
actionpack (5.1.2) lib/action_dispatch/middleware/remote_ip.rb:79:in `call'
actionpack (5.1.2) lib/action_dispatch/middleware/request_id.rb:25:in `call'
rack (2.0.3) lib/rack/method_override.rb:22:in `call'
rack (2.0.3) lib/rack/runtime.rb:22:in `call'
activesupport (5.1.2) lib/active_support/cache/strategy/local_cache_middleware.rb:27:in `call'
actionpack (5.1.2) lib/action_dispatch/middleware/executor.rb:12:in `call'
actionpack (5.1.2) lib/action_dispatch/middleware/static.rb:125:in `call'
rack (2.0.3) lib/rack/sendfile.rb:111:in `call'
railties (5.1.2) lib/rails/engine.rb:522:in `call'
puma (3.9.1) lib/puma/configuration.rb:224:in `call'
puma (3.9.1) lib/puma/server.rb:602:in `handle_request'
puma (3.9.1) lib/puma/server.rb:435:in `process_client'
puma (3.9.1) lib/puma/server.rb:299:in `block in run'
puma (3.9.1) lib/puma/thread_pool.rb:120:in `call'
puma (3.9.1) lib/puma/thread_pool.rb:120:in `block in spawn_thread'
Started POST "/" for 127.0.0.1 at 2017-06-29 14:45:37 +0800
  
ActionController::RoutingError (No route matches [POST] "/"):
  
actionpack (5.1.2) lib/action_dispatch/middleware/debug_exceptions.rb:63:in `call'
web-console (3.5.1) lib/web_console/middleware.rb:135:in `call_app'
web-console (3.5.1) lib/web_console/middleware.rb:28:in `block in call'
web-console (3.5.1) lib/web_console/middleware.rb:18:in `catch'
web-console (3.5.1) lib/web_console/middleware.rb:18:in `call'
actionpack (5.1.2) lib/action_dispatch/middleware/show_exceptions.rb:31:in `call'
railties (5.1.2) lib/rails/rack/logger.rb:36:in `call_app'
railties (5.1.2) lib/rails/rack/logger.rb:24:in `block in call'
activesupport (5.1.2) lib/active_support/tagged_logging.rb:69:in `block in tagged'
activesupport (5.1.2) lib/active_support/tagged_logging.rb:26:in `tagged'
activesupport (5.1.2) lib/active_support/tagged_logging.rb:69:in `tagged'
railties (5.1.2) lib/rails/rack/logger.rb:24:in `call'
sprockets-rails (3.2.0) lib/sprockets/rails/quiet_assets.rb:13:in `call'
actionpack (5.1.2) lib/action_dispatch/middleware/remote_ip.rb:79:in `call'
actionpack (5.1.2) lib/action_dispatch/middleware/request_id.rb:25:in `call'
rack (2.0.3) lib/rack/method_override.rb:22:in `call'
rack (2.0.3) lib/rack/runtime.rb:22:in `call'
activesupport (5.1.2) lib/active_support/cache/strategy/local_cache_middleware.rb:27:in `call'
actionpack (5.1.2) lib/action_dispatch/middleware/executor.rb:12:in `call'
actionpack (5.1.2) lib/action_dispatch/middleware/static.rb:125:in `call'
rack (2.0.3) lib/rack/sendfile.rb:111:in `call'
railties (5.1.2) lib/rails/engine.rb:522:in `call'
puma (3.9.1) lib/puma/configuration.rb:224:in `call'
puma (3.9.1) lib/puma/server.rb:602:in `handle_request'
puma (3.9.1) lib/puma/server.rb:435:in `process_client'
puma (3.9.1) lib/puma/server.rb:299:in `block in run'
puma (3.9.1) lib/puma/thread_pool.rb:120:in `call'
puma (3.9.1) lib/puma/thread_pool.rb:120:in `block in spawn_thread'
Started POST "/" for 127.0.0.1 at 2017-06-29 14:48:14 +0800
  
ActionController::RoutingError (No route matches [POST] "/"):
  
actionpack (5.1.2) lib/action_dispatch/middleware/debug_exceptions.rb:63:in `call'
web-console (3.5.1) lib/web_console/middleware.rb:135:in `call_app'
web-console (3.5.1) lib/web_console/middleware.rb:28:in `block in call'
web-console (3.5.1) lib/web_console/middleware.rb:18:in `catch'
web-console (3.5.1) lib/web_console/middleware.rb:18:in `call'
actionpack (5.1.2) lib/action_dispatch/middleware/show_exceptions.rb:31:in `call'
railties (5.1.2) lib/rails/rack/logger.rb:36:in `call_app'
railties (5.1.2) lib/rails/rack/logger.rb:24:in `block in call'
activesupport (5.1.2) lib/active_support/tagged_logging.rb:69:in `block in tagged'
activesupport (5.1.2) lib/active_support/tagged_logging.rb:26:in `tagged'
activesupport (5.1.2) lib/active_support/tagged_logging.rb:69:in `tagged'
railties (5.1.2) lib/rails/rack/logger.rb:24:in `call'
sprockets-rails (3.2.0) lib/sprockets/rails/quiet_assets.rb:13:in `call'
actionpack (5.1.2) lib/action_dispatch/middleware/remote_ip.rb:79:in `call'
actionpack (5.1.2) lib/action_dispatch/middleware/request_id.rb:25:in `call'
rack (2.0.3) lib/rack/method_override.rb:22:in `call'
rack (2.0.3) lib/rack/runtime.rb:22:in `call'
activesupport (5.1.2) lib/active_support/cache/strategy/local_cache_middleware.rb:27:in `call'
actionpack (5.1.2) lib/action_dispatch/middleware/executor.rb:12:in `call'
actionpack (5.1.2) lib/action_dispatch/middleware/static.rb:125:in `call'
rack (2.0.3) lib/rack/sendfile.rb:111:in `call'
railties (5.1.2) lib/rails/engine.rb:522:in `call'
puma (3.9.1) lib/puma/configuration.rb:224:in `call'
puma (3.9.1) lib/puma/server.rb:602:in `handle_request'
puma (3.9.1) lib/puma/server.rb:435:in `process_client'
puma (3.9.1) lib/puma/server.rb:299:in `block in run'
puma (3.9.1) lib/puma/thread_pool.rb:120:in `call'
puma (3.9.1) lib/puma/thread_pool.rb:120:in `block in spawn_thread'
Started POST "/" for 127.0.0.1 at 2017-06-29 14:49:00 +0800
  
ActionController::RoutingError (No route matches [POST] "/"):
  
actionpack (5.1.2) lib/action_dispatch/middleware/debug_exceptions.rb:63:in `call'
web-console (3.5.1) lib/web_console/middleware.rb:135:in `call_app'
web-console (3.5.1) lib/web_console/middleware.rb:28:in `block in call'
web-console (3.5.1) lib/web_console/middleware.rb:18:in `catch'
web-console (3.5.1) lib/web_console/middleware.rb:18:in `call'
actionpack (5.1.2) lib/action_dispatch/middleware/show_exceptions.rb:31:in `call'
railties (5.1.2) lib/rails/rack/logger.rb:36:in `call_app'
railties (5.1.2) lib/rails/rack/logger.rb:24:in `block in call'
activesupport (5.1.2) lib/active_support/tagged_logging.rb:69:in `block in tagged'
activesupport (5.1.2) lib/active_support/tagged_logging.rb:26:in `tagged'
activesupport (5.1.2) lib/active_support/tagged_logging.rb:69:in `tagged'
railties (5.1.2) lib/rails/rack/logger.rb:24:in `call'
sprockets-rails (3.2.0) lib/sprockets/rails/quiet_assets.rb:13:in `call'
actionpack (5.1.2) lib/action_dispatch/middleware/remote_ip.rb:79:in `call'
actionpack (5.1.2) lib/action_dispatch/middleware/request_id.rb:25:in `call'
rack (2.0.3) lib/rack/method_override.rb:22:in `call'
rack (2.0.3) lib/rack/runtime.rb:22:in `call'
activesupport (5.1.2) lib/active_support/cache/strategy/local_cache_middleware.rb:27:in `call'
actionpack (5.1.2) lib/action_dispatch/middleware/executor.rb:12:in `call'
actionpack (5.1.2) lib/action_dispatch/middleware/static.rb:125:in `call'
rack (2.0.3) lib/rack/sendfile.rb:111:in `call'
railties (5.1.2) lib/rails/engine.rb:522:in `call'
puma (3.9.1) lib/puma/configuration.rb:224:in `call'
puma (3.9.1) lib/puma/server.rb:602:in `handle_request'
puma (3.9.1) lib/puma/server.rb:435:in `process_client'
puma (3.9.1) lib/puma/server.rb:299:in `block in run'
puma (3.9.1) lib/puma/thread_pool.rb:120:in `call'
puma (3.9.1) lib/puma/thread_pool.rb:120:in `block in spawn_thread'
Started POST "/" for 127.0.0.1 at 2017-06-29 14:50:29 +0800
  
ActionController::RoutingError (No route matches [POST] "/"):
  
actionpack (5.1.2) lib/action_dispatch/middleware/debug_exceptions.rb:63:in `call'
web-console (3.5.1) lib/web_console/middleware.rb:135:in `call_app'
web-console (3.5.1) lib/web_console/middleware.rb:28:in `block in call'
web-console (3.5.1) lib/web_console/middleware.rb:18:in `catch'
web-console (3.5.1) lib/web_console/middleware.rb:18:in `call'
actionpack (5.1.2) lib/action_dispatch/middleware/show_exceptions.rb:31:in `call'
railties (5.1.2) lib/rails/rack/logger.rb:36:in `call_app'
railties (5.1.2) lib/rails/rack/logger.rb:24:in `block in call'
activesupport (5.1.2) lib/active_support/tagged_logging.rb:69:in `block in tagged'
activesupport (5.1.2) lib/active_support/tagged_logging.rb:26:in `tagged'
activesupport (5.1.2) lib/active_support/tagged_logging.rb:69:in `tagged'
railties (5.1.2) lib/rails/rack/logger.rb:24:in `call'
sprockets-rails (3.2.0) lib/sprockets/rails/quiet_assets.rb:13:in `call'
actionpack (5.1.2) lib/action_dispatch/middleware/remote_ip.rb:79:in `call'
actionpack (5.1.2) lib/action_dispatch/middleware/request_id.rb:25:in `call'
rack (2.0.3) lib/rack/method_override.rb:22:in `call'
rack (2.0.3) lib/rack/runtime.rb:22:in `call'
activesupport (5.1.2) lib/active_support/cache/strategy/local_cache_middleware.rb:27:in `call'
actionpack (5.1.2) lib/action_dispatch/middleware/executor.rb:12:in `call'
actionpack (5.1.2) lib/action_dispatch/middleware/static.rb:125:in `call'
rack (2.0.3) lib/rack/sendfile.rb:111:in `call'
railties (5.1.2) lib/rails/engine.rb:522:in `call'
puma (3.9.1) lib/puma/configuration.rb:224:in `call'
puma (3.9.1) lib/puma/server.rb:602:in `handle_request'
puma (3.9.1) lib/puma/server.rb:435:in `process_client'
puma (3.9.1) lib/puma/server.rb:299:in `block in run'
puma (3.9.1) lib/puma/thread_pool.rb:120:in `call'
puma (3.9.1) lib/puma/thread_pool.rb:120:in `block in spawn_thread'
Started POST "/" for 127.0.0.1 at 2017-06-29 14:52:01 +0800
  
ActionController::RoutingError (No route matches [POST] "/"):
  
actionpack (5.1.2) lib/action_dispatch/middleware/debug_exceptions.rb:63:in `call'
web-console (3.5.1) lib/web_console/middleware.rb:135:in `call_app'
web-console (3.5.1) lib/web_console/middleware.rb:28:in `block in call'
web-console (3.5.1) lib/web_console/middleware.rb:18:in `catch'
web-console (3.5.1) lib/web_console/middleware.rb:18:in `call'
actionpack (5.1.2) lib/action_dispatch/middleware/show_exceptions.rb:31:in `call'
railties (5.1.2) lib/rails/rack/logger.rb:36:in `call_app'
railties (5.1.2) lib/rails/rack/logger.rb:24:in `block in call'
activesupport (5.1.2) lib/active_support/tagged_logging.rb:69:in `block in tagged'
activesupport (5.1.2) lib/active_support/tagged_logging.rb:26:in `tagged'
activesupport (5.1.2) lib/active_support/tagged_logging.rb:69:in `tagged'
railties (5.1.2) lib/rails/rack/logger.rb:24:in `call'
sprockets-rails (3.2.0) lib/sprockets/rails/quiet_assets.rb:13:in `call'
actionpack (5.1.2) lib/action_dispatch/middleware/remote_ip.rb:79:in `call'
actionpack (5.1.2) lib/action_dispatch/middleware/request_id.rb:25:in `call'
rack (2.0.3) lib/rack/method_override.rb:22:in `call'
rack (2.0.3) lib/rack/runtime.rb:22:in `call'
activesupport (5.1.2) lib/active_support/cache/strategy/local_cache_middleware.rb:27:in `call'
actionpack (5.1.2) lib/action_dispatch/middleware/executor.rb:12:in `call'
actionpack (5.1.2) lib/action_dispatch/middleware/static.rb:125:in `call'
rack (2.0.3) lib/rack/sendfile.rb:111:in `call'
railties (5.1.2) lib/rails/engine.rb:522:in `call'
puma (3.9.1) lib/puma/configuration.rb:224:in `call'
puma (3.9.1) lib/puma/server.rb:602:in `handle_request'
puma (3.9.1) lib/puma/server.rb:435:in `process_client'
puma (3.9.1) lib/puma/server.rb:299:in `block in run'
puma (3.9.1) lib/puma/thread_pool.rb:120:in `call'
puma (3.9.1) lib/puma/thread_pool.rb:120:in `block in spawn_thread'
Started POST "/" for 127.0.0.1 at 2017-06-29 14:56:50 +0800
  
ActionController::RoutingError (No route matches [POST] "/"):
  
actionpack (5.1.2) lib/action_dispatch/middleware/debug_exceptions.rb:63:in `call'
web-console (3.5.1) lib/web_console/middleware.rb:135:in `call_app'
web-console (3.5.1) lib/web_console/middleware.rb:28:in `block in call'
web-console (3.5.1) lib/web_console/middleware.rb:18:in `catch'
web-console (3.5.1) lib/web_console/middleware.rb:18:in `call'
actionpack (5.1.2) lib/action_dispatch/middleware/show_exceptions.rb:31:in `call'
railties (5.1.2) lib/rails/rack/logger.rb:36:in `call_app'
railties (5.1.2) lib/rails/rack/logger.rb:24:in `block in call'
activesupport (5.1.2) lib/active_support/tagged_logging.rb:69:in `block in tagged'
activesupport (5.1.2) lib/active_support/tagged_logging.rb:26:in `tagged'
activesupport (5.1.2) lib/active_support/tagged_logging.rb:69:in `tagged'
railties (5.1.2) lib/rails/rack/logger.rb:24:in `call'
sprockets-rails (3.2.0) lib/sprockets/rails/quiet_assets.rb:13:in `call'
actionpack (5.1.2) lib/action_dispatch/middleware/remote_ip.rb:79:in `call'
actionpack (5.1.2) lib/action_dispatch/middleware/request_id.rb:25:in `call'
rack (2.0.3) lib/rack/method_override.rb:22:in `call'
rack (2.0.3) lib/rack/runtime.rb:22:in `call'
activesupport (5.1.2) lib/active_support/cache/strategy/local_cache_middleware.rb:27:in `call'
actionpack (5.1.2) lib/action_dispatch/middleware/executor.rb:12:in `call'
actionpack (5.1.2) lib/action_dispatch/middleware/static.rb:125:in `call'
rack (2.0.3) lib/rack/sendfile.rb:111:in `call'
railties (5.1.2) lib/rails/engine.rb:522:in `call'
puma (3.9.1) lib/puma/configuration.rb:224:in `call'
puma (3.9.1) lib/puma/server.rb:602:in `handle_request'
puma (3.9.1) lib/puma/server.rb:435:in `process_client'
puma (3.9.1) lib/puma/server.rb:299:in `block in run'
puma (3.9.1) lib/puma/thread_pool.rb:120:in `call'
puma (3.9.1) lib/puma/thread_pool.rb:120:in `block in spawn_thread'
Started GET "/" for 127.0.0.1 at 2017-06-29 14:57:20 +0800
Processing by CalculatorController#index as HTML
  Rendering calculator/index.html.erb within layouts/application
  Rendered calculator/index.html.erb within layouts/application (0.8ms)
Completed 500 Internal Server Error in 10ms


  
SyntaxError (/Users/madao/Documents/RubyDevelop/BMICalculator/app/views/calculator/index.html.erb:1: syntax error, unexpected ')'
...orm_tag 'calculator#result'do );@output_buffer.safe_append='
...                               ^
/Users/madao/Documents/RubyDevelop/BMICalculator/app/views/calculator/index.html.erb:11: syntax error, unexpected keyword_ensure, expecting ')'
/Users/madao/Documents/RubyDevelop/BMICalculator/app/views/calculator/index.html.erb:13: syntax error, unexpected keyword_end, expecting ')'):
  
app/views/calculator/index.html.erb:1: syntax error, unexpected ')'
app/views/calculator/index.html.erb:11: syntax error, unexpected keyword_ensure, expecting ')'
app/views/calculator/index.html.erb:13: syntax error, unexpected keyword_end, expecting ')'
Started GET "/" for 127.0.0.1 at 2017-06-29 14:57:29 +0800
Processing by CalculatorController#index as HTML
  Rendering calculator/index.html.erb within layouts/application
  Rendered calculator/index.html.erb within layouts/application (0.7ms)
Completed 500 Internal Server Error in 7ms


  
SyntaxError (/Users/madao/Documents/RubyDevelop/BMICalculator/app/views/calculator/index.html.erb:1: syntax error, unexpected ')'
...orm_tag 'calculator#result'do );@output_buffer.safe_append='
...                               ^
/Users/madao/Documents/RubyDevelop/BMICalculator/app/views/calculator/index.html.erb:11: syntax error, unexpected keyword_ensure, expecting ')'
/Users/madao/Documents/RubyDevelop/BMICalculator/app/views/calculator/index.html.erb:13: syntax error, unexpected keyword_end, expecting ')'):
  
app/views/calculator/index.html.erb:1: syntax error, unexpected ')'
app/views/calculator/index.html.erb:11: syntax error, unexpected keyword_ensure, expecting ')'
app/views/calculator/index.html.erb:13: syntax error, unexpected keyword_end, expecting ')'
Started GET "/" for 127.0.0.1 at 2017-06-29 14:57:39 +0800
Processing by CalculatorController#index as HTML
  Rendering calculator/index.html.erb within layouts/application
  Rendered calculator/index.html.erb within layouts/application (0.6ms)
Completed 500 Internal Server Error in 6ms


  
SyntaxError (/Users/madao/Documents/RubyDevelop/BMICalculator/app/views/calculator/index.html.erb:1: syntax error, unexpected ')'
...orm_tag 'calculator/result'do );@output_buffer.safe_append='
...                               ^
/Users/madao/Documents/RubyDevelop/BMICalculator/app/views/calculator/index.html.erb:11: syntax error, unexpected keyword_ensure, expecting ')'
/Users/madao/Documents/RubyDevelop/BMICalculator/app/views/calculator/index.html.erb:13: syntax error, unexpected keyword_end, expecting ')'):
  
app/views/calculator/index.html.erb:1: syntax error, unexpected ')'
app/views/calculator/index.html.erb:11: syntax error, unexpected keyword_ensure, expecting ')'
app/views/calculator/index.html.erb:13: syntax error, unexpected keyword_end, expecting ')'
Started GET "/" for 127.0.0.1 at 2017-06-29 14:57:48 +0800
Processing by CalculatorController#index as HTML
  Rendering calculator/index.html.erb within layouts/application
  Rendered calculator/index.html.erb within layouts/application (0.7ms)
Completed 500 Internal Server Error in 6ms


  
SyntaxError (/Users/madao/Documents/RubyDevelop/BMICalculator/app/views/calculator/index.html.erb:1: syntax error, unexpected ')'
...orm_tag 'calculator/result'do );@output_buffer.safe_append='
...                               ^
/Users/madao/Documents/RubyDevelop/BMICalculator/app/views/calculator/index.html.erb:11: syntax error, unexpected keyword_ensure, expecting ')'
/Users/madao/Documents/RubyDevelop/BMICalculator/app/views/calculator/index.html.erb:13: syntax error, unexpected keyword_end, expecting ')'):
  
app/views/calculator/index.html.erb:1: syntax error, unexpected ')'
app/views/calculator/index.html.erb:11: syntax error, unexpected keyword_ensure, expecting ')'
app/views/calculator/index.html.erb:13: syntax error, unexpected keyword_end, expecting ')'
Started GET "/" for 127.0.0.1 at 2017-06-29 14:58:16 +0800
Processing by CalculatorController#index as HTML
  Rendering calculator/index.html.erb within layouts/application
  Rendered calculator/index.html.erb within layouts/application (0.9ms)
Completed 200 OK in 26ms (Views: 24.5ms)


Started POST "/calculator/result" for 127.0.0.1 at 2017-06-29 14:58:21 +0800
Processing by CalculatorController#result as HTML
  Parameters: {"utf8"=>"✓", "authenticity_token"=>"8Xy7gE1SQSkRfYGuTeVxBAX9BTPgMkdpo/gN6n5SbsJtPVb17ukvLd0nHxWla+Vy6MXr6Wh3DcEfVyW4GH1MTQ==", "b"=>"222", "x"=>"2222222222", "commit"=>"开始计算"}
  Rendering text template
  Rendered text template (0.0ms)
Completed 200 OK in 3ms (Views: 2.2ms)


Started GET "/" for 127.0.0.1 at 2017-06-29 14:59:55 +0800
Processing by CalculatorController#index as HTML
  Rendering calculator/index.html.erb within layouts/application
  Rendered calculator/index.html.erb within layouts/application (1.6ms)
Completed 200 OK in 31ms (Views: 28.5ms)


Started GET "/" for 127.0.0.1 at 2017-06-29 15:01:07 +0800
Processing by CalculatorController#index as HTML
  Rendering calculator/index.html.erb within layouts/application
  Rendered calculator/index.html.erb within layouts/application (1.2ms)
Completed 200 OK in 28ms (Views: 26.0ms)


Started POST "/calculator/result" for 127.0.0.1 at 2017-06-29 15:01:10 +0800
Processing by CalculatorController#result as HTML
  Parameters: {"utf8"=>"✓", "authenticity_token"=>"g3fjKjvi4SMR4Ya1zfo8VIfSYxpJ5dardlRQkMu+0Q0fNg5fmFmPJ927GA4ldKgiauqNwMGgnAPK+3jCrZHzgg==", "height"=>"sdasd", "weight"=>"sdadasdada", "commit"=>"开始计算"}
  Rendering text template
  Rendered text template (0.0ms)
Completed 200 OK in 2ms (Views: 0.7ms)


Started GET "/" for 127.0.0.1 at 2017-06-29 15:01:59 +0800
Processing by CalculatorController#index as HTML
  Rendering calculator/index.html.erb within layouts/application
  Rendered calculator/index.html.erb within layouts/application (0.9ms)
Completed 200 OK in 26ms (Views: 23.9ms)


Started POST "/calculator/result" for 127.0.0.1 at 2017-06-29 15:02:02 +0800
Processing by CalculatorController#result as HTML
  Parameters: {"utf8"=>"✓", "authenticity_token"=>"2hv768OKSjH+TlNXGvpco2GM8nys029iEasFriEDC+VGWhaeYDEkNTIUzezydMjVjLQcpiSWJcqtBC38Rywpag==", "height"=>"sda1", "weight"=>"1111", "commit"=>"开始计算"}
  Rendering text template
  Rendered text template (0.0ms)
Completed 200 OK in 1ms (Views: 0.6ms)


Started POST "/calculator/result" for 127.0.0.1 at 2017-06-29 15:02:55 +0800
Processing by CalculatorController#result as HTML
  Parameters: {"utf8"=>"✓", "authenticity_token"=>"2hv768OKSjH+TlNXGvpco2GM8nys029iEasFriEDC+VGWhaeYDEkNTIUzezydMjVjLQcpiSWJcqtBC38Rywpag==", "height"=>"sda1", "weight"=>"1111", "commit"=>"开始计算"}
  Rendering text template
  Rendered text template (0.0ms)
Completed 200 OK in 1ms (Views: 0.5ms)


Started GET "/calculator" for 127.0.0.1 at 2017-06-29 15:02:59 +0800
  
ActionController::RoutingError (No route matches [GET] "/calculator"):
  
actionpack (5.1.2) lib/action_dispatch/middleware/debug_exceptions.rb:63:in `call'
web-console (3.5.1) lib/web_console/middleware.rb:135:in `call_app'
web-console (3.5.1) lib/web_console/middleware.rb:28:in `block in call'
web-console (3.5.1) lib/web_console/middleware.rb:18:in `catch'
web-console (3.5.1) lib/web_console/middleware.rb:18:in `call'
actionpack (5.1.2) lib/action_dispatch/middleware/show_exceptions.rb:31:in `call'
railties (5.1.2) lib/rails/rack/logger.rb:36:in `call_app'
railties (5.1.2) lib/rails/rack/logger.rb:24:in `block in call'
activesupport (5.1.2) lib/active_support/tagged_logging.rb:69:in `block in tagged'
activesupport (5.1.2) lib/active_support/tagged_logging.rb:26:in `tagged'
activesupport (5.1.2) lib/active_support/tagged_logging.rb:69:in `tagged'
railties (5.1.2) lib/rails/rack/logger.rb:24:in `call'
sprockets-rails (3.2.0) lib/sprockets/rails/quiet_assets.rb:13:in `call'
actionpack (5.1.2) lib/action_dispatch/middleware/remote_ip.rb:79:in `call'
actionpack (5.1.2) lib/action_dispatch/middleware/request_id.rb:25:in `call'
rack (2.0.3) lib/rack/method_override.rb:22:in `call'
rack (2.0.3) lib/rack/runtime.rb:22:in `call'
activesupport (5.1.2) lib/active_support/cache/strategy/local_cache_middleware.rb:27:in `call'
actionpack (5.1.2) lib/action_dispatch/middleware/executor.rb:12:in `call'
actionpack (5.1.2) lib/action_dispatch/middleware/static.rb:125:in `call'
rack (2.0.3) lib/rack/sendfile.rb:111:in `call'
railties (5.1.2) lib/rails/engine.rb:522:in `call'
puma (3.9.1) lib/puma/configuration.rb:224:in `call'
puma (3.9.1) lib/puma/server.rb:602:in `handle_request'
puma (3.9.1) lib/puma/server.rb:435:in `process_client'
puma (3.9.1) lib/puma/server.rb:299:in `block in run'
puma (3.9.1) lib/puma/thread_pool.rb:120:in `call'
puma (3.9.1) lib/puma/thread_pool.rb:120:in `block in spawn_thread'
Started GET "/" for 127.0.0.1 at 2017-06-29 15:03:05 +0800
Processing by CalculatorController#index as HTML
  Rendering calculator/index.html.erb within layouts/application
  Rendered calculator/index.html.erb within layouts/application (1.0ms)
Completed 200 OK in 23ms (Views: 21.1ms)


Started POST "/calculator/result" for 127.0.0.1 at 2017-06-29 15:03:09 +0800
Processing by CalculatorController#result as HTML
  Parameters: {"utf8"=>"✓", "authenticity_token"=>"N9Dtz755rLgu7FEma4Nu0Q3pHBVVO4xgXoSkihhPzxOrkQC6HcLCvOK2z52DDfqn4NHyz91+xsjiK4zYfmDtnA==", "height"=>"sdda", "weight"=>"1111", "commit"=>"开始计算"}
  Rendering text template
  Rendered text template (0.0ms)
Completed 200 OK in 1ms (Views: 0.4ms)


Started GET "/" for 127.0.0.1 at 2017-06-29 15:04:28 +0800
Processing by CalculatorController#index as HTML
  Rendering calculator/index.html.erb within layouts/application
  Rendered calculator/index.html.erb within layouts/application (2.2ms)
Completed 200 OK in 34ms (Views: 31.2ms)


Started POST "/calculator/result" for 127.0.0.1 at 2017-06-29 15:04:31 +0800
Processing by CalculatorController#result as HTML
  Parameters: {"utf8"=>"✓", "authenticity_token"=>"CriKaCwirMqdeBAagkBBMRo6tEgjM2/q+tlAeaqThtiW+Wcdj5nCzlEijqFqztVH9wJakqt2JUJGdmgrzLykVw==", "height"=>"1111", "weight"=>"11", "commit"=>"开始计算"}
  Rendering text template
  Rendered text template (0.0ms)
Completed 200 OK in 3ms (Views: 0.9ms)


Started GET "/" for 127.0.0.1 at 2017-06-29 15:17:37 +0800
Processing by CalculatorController#index as HTML
  Rendering calculator/index.html.erb within layouts/application
  Rendered calculator/index.html.erb within layouts/application (1.7ms)
Completed 200 OK in 45ms (Views: 43.1ms)


Started GET "/" for 127.0.0.1 at 2017-06-29 15:19:42 +0800
Processing by CalculatorController#index as HTML
  Rendering calculator/index.html.erb within layouts/application
  Rendered calculator/index.html.erb within layouts/application (2.1ms)
Completed 200 OK in 78ms (Views: 75.7ms)


Started POST "/calculator/result" for 127.0.0.1 at 2017-06-29 15:19:44 +0800
Processing by CalculatorController#result as HTML
  Parameters: {"utf8"=>"✓", "authenticity_token"=>"lDRFnR/QeUW93nuhJy+IV1hM3PqCYbjjqNkQQcdIUCQIdajovGsXQXGE5RrPoRwhtXQyIAok8ksUdjgToWdyqw==", "height"=>"eqw", "weight"=>"sdasd", "commit"=>"开始计算"}
  Rendering text template
  Rendered text template (0.0ms)
Completed 200 OK in 2ms (Views: 0.5ms)


Started POST "/calculator/result" for 127.0.0.1 at 2017-06-29 15:21:59 +0800
Processing by CalculatorController#result as HTML
  Parameters: {"utf8"=>"✓", "authenticity_token"=>"lDRFnR/QeUW93nuhJy+IV1hM3PqCYbjjqNkQQcdIUCQIdajovGsXQXGE5RrPoRwhtXQyIAok8ksUdjgToWdyqw==", "height"=>"eqw", "weight"=>"sdasd", "commit"=>"开始计算"}
  Rendering text template
  Rendered text template (0.0ms)
Completed 200 OK in 1ms (Views: 0.7ms)


Started POST "/calculator/result" for 127.0.0.1 at 2017-06-29 15:23:38 +0800
Processing by CalculatorController#result as HTML
  Parameters: {"utf8"=>"✓", "authenticity_token"=>"lDRFnR/QeUW93nuhJy+IV1hM3PqCYbjjqNkQQcdIUCQIdajovGsXQXGE5RrPoRwhtXQyIAok8ksUdjgToWdyqw==", "height"=>"eqw", "weight"=>"sdasd", "commit"=>"开始计算"}
  Rendering text template
  Rendered text template (0.0ms)
Completed 200 OK in 1ms (Views: 0.3ms)


Started POST "/calculator/result" for 127.0.0.1 at 2017-06-29 15:23:41 +0800
Processing by CalculatorController#result as HTML
  Parameters: {"utf8"=>"✓", "authenticity_token"=>"lDRFnR/QeUW93nuhJy+IV1hM3PqCYbjjqNkQQcdIUCQIdajovGsXQXGE5RrPoRwhtXQyIAok8ksUdjgToWdyqw==", "height"=>"eqw", "weight"=>"sdasd", "commit"=>"开始计算"}
  Rendering text template
  Rendered text template (0.0ms)
Completed 200 OK in 2ms (Views: 0.8ms)


Started GET "/" for 127.0.0.1 at 2017-06-29 15:23:45 +0800
Processing by CalculatorController#index as HTML
  Rendering calculator/index.html.erb within layouts/application
  Rendered calculator/index.html.erb within layouts/application (2.0ms)
Completed 200 OK in 38ms (Views: 34.9ms)


Started POST "/calculator/result" for 127.0.0.1 at 2017-06-29 15:23:49 +0800
Processing by CalculatorController#result as HTML
  Parameters: {"utf8"=>"✓", "authenticity_token"=>"uE+kf1hUyj/vaFsZvNsuK1RTGK2cZ/d91ndDaJbme4UkDkkK+++kOyMyxaJUVbpduWv2dxQivdVq2Gs68MlZCg==", "height"=>"sdad", "weight"=>"sdad", "commit"=>"开始计算"}
  Rendering text template
  Rendered text template (0.0ms)
Completed 200 OK in 1ms (Views: 0.4ms)


Started POST "/calculator/result" for 127.0.0.1 at 2017-06-29 15:24:58 +0800
Processing by CalculatorController#result as HTML
  Parameters: {"utf8"=>"✓", "authenticity_token"=>"uE+kf1hUyj/vaFsZvNsuK1RTGK2cZ/d91ndDaJbme4UkDkkK+++kOyMyxaJUVbpduWv2dxQivdVq2Gs68MlZCg==", "height"=>"sdad", "weight"=>"sdad", "commit"=>"开始计算"}
  Rendering text template
  Rendered text template (0.0ms)
Completed 200 OK in 1ms (Views: 0.7ms)


Started GET "/" for 127.0.0.1 at 2017-06-29 15:25:03 +0800
Processing by CalculatorController#index as HTML
  Rendering calculator/index.html.erb within layouts/application
  Rendered calculator/index.html.erb within layouts/application (1.2ms)
Completed 200 OK in 28ms (Views: 25.7ms)


Started POST "/calculator/result" for 127.0.0.1 at 2017-06-29 15:25:07 +0800
Processing by CalculatorController#result as HTML
  Parameters: {"utf8"=>"✓", "authenticity_token"=>"wBj4JXhRPW6KEwNm3Av9FvfzifhOitkWQqpWFPsw1cBcWRVQ2+pTakZJnd00hWlgGstnIsbPk77+BX5GnR/3Tw==", "height"=>"k", "weight"=>"l", "commit"=>"开始计算"}
  Rendering text template
  Rendered text template (0.0ms)
Completed 200 OK in 1ms (Views: 0.5ms)


Started GET "/" for 127.0.0.1 at 2017-06-29 15:26:25 +0800
Processing by CalculatorController#index as HTML
  Rendering calculator/index.html.erb within layouts/application
  Rendered calculator/index.html.erb within layouts/application (2.4ms)
Completed 200 OK in 438ms (Views: 198.8ms)


Started POST "/calculator/result" for 127.0.0.1 at 2017-06-29 15:26:30 +0800
  
ActionController::RoutingError (No route matches [POST] "/calculator/result"):
  
actionpack (5.1.2) lib/action_dispatch/middleware/debug_exceptions.rb:63:in `call'
web-console (3.5.1) lib/web_console/middleware.rb:135:in `call_app'
web-console (3.5.1) lib/web_console/middleware.rb:28:in `block in call'
web-console (3.5.1) lib/web_console/middleware.rb:18:in `catch'
web-console (3.5.1) lib/web_console/middleware.rb:18:in `call'
actionpack (5.1.2) lib/action_dispatch/middleware/show_exceptions.rb:31:in `call'
railties (5.1.2) lib/rails/rack/logger.rb:36:in `call_app'
railties (5.1.2) lib/rails/rack/logger.rb:24:in `block in call'
activesupport (5.1.2) lib/active_support/tagged_logging.rb:69:in `block in tagged'
activesupport (5.1.2) lib/active_support/tagged_logging.rb:26:in `tagged'
activesupport (5.1.2) lib/active_support/tagged_logging.rb:69:in `tagged'
railties (5.1.2) lib/rails/rack/logger.rb:24:in `call'
sprockets-rails (3.2.0) lib/sprockets/rails/quiet_assets.rb:13:in `call'
actionpack (5.1.2) lib/action_dispatch/middleware/remote_ip.rb:79:in `call'
actionpack (5.1.2) lib/action_dispatch/middleware/request_id.rb:25:in `call'
rack (2.0.3) lib/rack/method_override.rb:22:in `call'
rack (2.0.3) lib/rack/runtime.rb:22:in `call'
activesupport (5.1.2) lib/active_support/cache/strategy/local_cache_middleware.rb:27:in `call'
actionpack (5.1.2) lib/action_dispatch/middleware/executor.rb:12:in `call'
actionpack (5.1.2) lib/action_dispatch/middleware/static.rb:125:in `call'
rack (2.0.3) lib/rack/sendfile.rb:111:in `call'
railties (5.1.2) lib/rails/engine.rb:522:in `call'
puma (3.9.1) lib/puma/configuration.rb:224:in `call'
puma (3.9.1) lib/puma/server.rb:602:in `handle_request'
puma (3.9.1) lib/puma/server.rb:435:in `process_client'
puma (3.9.1) lib/puma/server.rb:299:in `block in run'
puma (3.9.1) lib/puma/thread_pool.rb:120:in `call'
puma (3.9.1) lib/puma/thread_pool.rb:120:in `block in spawn_thread'
Started GET "/" for 127.0.0.1 at 2017-06-29 15:26:51 +0800
Processing by CalculatorController#index as HTML
  Rendering calculator/index.html.erb within layouts/application
  Rendered calculator/index.html.erb within layouts/application (2.5ms)
Completed 200 OK in 425ms (Views: 198.9ms)


Started POST "/calculator/result" for 127.0.0.1 at 2017-06-29 15:26:57 +0800
Processing by CalculatorController#result as HTML
  Parameters: {"utf8"=>"✓", "authenticity_token"=>"z7OaRFNBCHo60plkpLFzst9naaohOh5C91gTqip2R+pT8ncx8PpmfvaIB99MP+fEMl+HcKl/VOpL9zv4TFllZQ==", "height"=>"kk", "weight"=>"nm,", "commit"=>"开始计算"}
  Rendering text template
  Rendered text template (0.0ms)
Completed 200 OK in 3ms (Views: 2.0ms)


Started GET "/" for 127.0.0.1 at 2017-06-29 15:27:36 +0800
Processing by CalculatorController#index as HTML
  Rendering calculator/index.html.erb within layouts/application
  Rendered calculator/index.html.erb within layouts/application (2.5ms)
Completed 200 OK in 450ms (Views: 211.6ms)


Started POST "/calculator/result" for 127.0.0.1 at 2017-06-29 15:27:40 +0800
Processing by CalculatorController#result as HTML
  Parameters: {"utf8"=>"✓", "authenticity_token"=>"BJmtCMhZunImR7nkaDdy3GYVJmyu04T7CNjpmX+fA9CY2EB9a+LUduodJ1+Aueaqiy3ItiaWzlO0d8HLGbAhXw==", "height"=>"1111", "weight"=>"22", "commit"=>"开始计算"}
Completed 200 OK in 1ms (Views: 0.2ms)


Started POST "/calculator/result" for 127.0.0.1 at 2017-06-29 15:27:56 +0800
Processing by CalculatorController#result as HTML
  Parameters: {"utf8"=>"✓", "authenticity_token"=>"BJmtCMhZunImR7nkaDdy3GYVJmyu04T7CNjpmX+fA9CY2EB9a+LUduodJ1+Aueaqiy3ItiaWzlO0d8HLGbAhXw==", "height"=>"1111", "weight"=>"22", "commit"=>"开始计算"}
Completed 200 OK in 216ms (Views: 0.5ms)


